{"C:\\Users\\analu\\Downloads\\chat-system-postgres\\chat-system\\auth-service\\src\\database.js": {"path":"C:\\Users\\analu\\Downloads\\chat-system-postgres\\chat-system\\auth-service\\src\\database.js","statementMap":{"0":{"start":{"line":1,"column":17},"end":{"line":1,"column":30}},"1":{"start":{"line":3,"column":13},"end":{"line":8,"column":2}},"2":{"start":{"line":10,"column":0},"end":{"line":12,"column":3}},"3":{"start":{"line":11,"column":2},"end":{"line":11,"column":58}},"4":{"start":{"line":15,"column":2},"end":{"line":39,"column":5}},"5":{"start":{"line":40,"column":2},"end":{"line":40,"column":53}},"6":{"start":{"line":43,"column":0},"end":{"line":43,"column":40}}},"fnMap":{"0":{"name":"(anonymous_0)","decl":{"start":{"line":10,"column":17},"end":{"line":10,"column":18}},"loc":{"start":{"line":10,"column":26},"end":{"line":12,"column":1}},"line":10},"1":{"name":"initDatabase","decl":{"start":{"line":14,"column":15},"end":{"line":14,"column":27}},"loc":{"start":{"line":14,"column":30},"end":{"line":41,"column":1}},"line":14}},"branchMap":{"0":{"loc":{"start":{"line":4,"column":20},"end":{"line":4,"column":99}},"type":"binary-expr","locations":[{"start":{"line":4,"column":20},"end":{"line":4,"column":44}},{"start":{"line":4,"column":48},"end":{"line":4,"column":99}}],"line":4}},"s":{"0":1,"1":1,"2":1,"3":0,"4":1,"5":1,"6":1},"f":{"0":0,"1":1},"b":{"0":[1,0]},"_coverageSchema":"1a1c01bbd47fc00a2c39e90264f33305004495a9","hash":"fdcab09d3a39c1feed1219c7b8863fe1b610c3c5"}
,"C:\\Users\\analu\\Downloads\\chat-system-postgres\\chat-system\\auth-service\\src\\index.js": {"path":"C:\\Users\\analu\\Downloads\\chat-system-postgres\\chat-system\\auth-service\\src\\index.js","statementMap":{"0":{"start":{"line":1,"column":16},"end":{"line":1,"column":34}},"1":{"start":{"line":2,"column":13},"end":{"line":2,"column":28}},"2":{"start":{"line":3,"column":15},"end":{"line":3,"column":32}},"3":{"start":{"line":4,"column":15},"end":{"line":4,"column":32}},"4":{"start":{"line":5,"column":25},"end":{"line":5,"column":46}},"5":{"start":{"line":6,"column":19},"end":{"line":6,"column":50}},"6":{"start":{"line":8,"column":12},"end":{"line":8,"column":21}},"7":{"start":{"line":9,"column":13},"end":{"line":9,"column":42}},"8":{"start":{"line":11,"column":0},"end":{"line":11,"column":18}},"9":{"start":{"line":12,"column":0},"end":{"line":15,"column":4}},"10":{"start":{"line":16,"column":0},"end":{"line":16,"column":28}},"11":{"start":{"line":17,"column":0},"end":{"line":17,"column":24}},"12":{"start":{"line":19,"column":0},"end":{"line":21,"column":3}},"13":{"start":{"line":20,"column":2},"end":{"line":20,"column":96}},"14":{"start":{"line":23,"column":0},"end":{"line":23,"column":29}},"15":{"start":{"line":25,"column":0},"end":{"line":25,"column":74}},"16":{"start":{"line":25,"column":22},"end":{"line":25,"column":72}},"17":{"start":{"line":26,"column":0},"end":{"line":29,"column":3}},"18":{"start":{"line":27,"column":2},"end":{"line":27,"column":41}},"19":{"start":{"line":28,"column":2},"end":{"line":28,"column":59}},"20":{"start":{"line":32,"column":2},"end":{"line":32,"column":23}},"21":{"start":{"line":33,"column":2},"end":{"line":35,"column":5}},"22":{"start":{"line":34,"column":4},"end":{"line":34,"column":58}},"23":{"start":{"line":38,"column":0},"end":{"line":43,"column":1}},"24":{"start":{"line":39,"column":2},"end":{"line":42,"column":5}},"25":{"start":{"line":40,"column":4},"end":{"line":40,"column":56}},"26":{"start":{"line":41,"column":4},"end":{"line":41,"column":20}},"27":{"start":{"line":45,"column":0},"end":{"line":45,"column":21}}},"fnMap":{"0":{"name":"(anonymous_0)","decl":{"start":{"line":19,"column":19},"end":{"line":19,"column":20}},"loc":{"start":{"line":19,"column":33},"end":{"line":21,"column":1}},"line":19},"1":{"name":"(anonymous_1)","decl":{"start":{"line":25,"column":8},"end":{"line":25,"column":9}},"loc":{"start":{"line":25,"column":22},"end":{"line":25,"column":72}},"line":25},"2":{"name":"(anonymous_2)","decl":{"start":{"line":26,"column":8},"end":{"line":26,"column":9}},"loc":{"start":{"line":26,"column":33},"end":{"line":29,"column":1}},"line":26},"3":{"name":"start","decl":{"start":{"line":31,"column":15},"end":{"line":31,"column":20}},"loc":{"start":{"line":31,"column":23},"end":{"line":36,"column":1}},"line":31},"4":{"name":"(anonymous_4)","decl":{"start":{"line":33,"column":19},"end":{"line":33,"column":20}},"loc":{"start":{"line":33,"column":25},"end":{"line":35,"column":3}},"line":33},"5":{"name":"(anonymous_5)","decl":{"start":{"line":39,"column":16},"end":{"line":39,"column":17}},"loc":{"start":{"line":39,"column":25},"end":{"line":42,"column":3}},"line":39}},"branchMap":{"0":{"loc":{"start":{"line":9,"column":13},"end":{"line":9,"column":42}},"type":"binary-expr","locations":[{"start":{"line":9,"column":13},"end":{"line":9,"column":34}},{"start":{"line":9,"column":38},"end":{"line":9,"column":42}}],"line":9},"1":{"loc":{"start":{"line":13,"column":10},"end":{"line":13,"column":61}},"type":"binary-expr","locations":[{"start":{"line":13,"column":10},"end":{"line":13,"column":34}},{"start":{"line":13,"column":38},"end":{"line":13,"column":61}}],"line":13},"2":{"loc":{"start":{"line":38,"column":0},"end":{"line":43,"column":1}},"type":"if","locations":[{"start":{"line":38,"column":0},"end":{"line":43,"column":1}},{"start":{},"end":{}}],"line":38}},"s":{"0":1,"1":1,"2":1,"3":1,"4":1,"5":1,"6":1,"7":1,"8":1,"9":1,"10":1,"11":1,"12":1,"13":1,"14":1,"15":1,"16":0,"17":1,"18":0,"19":0,"20":0,"21":0,"22":0,"23":1,"24":0,"25":0,"26":0,"27":1},"f":{"0":1,"1":0,"2":0,"3":0,"4":0,"5":0},"b":{"0":[1,1],"1":[1,1],"2":[0,1]},"_coverageSchema":"1a1c01bbd47fc00a2c39e90264f33305004495a9","hash":"ed3747cc2e6ceff215caae071aad5b9c79e9cf7e"}
,"C:\\Users\\analu\\Downloads\\chat-system-postgres\\chat-system\\auth-service\\src\\helpers\\jwt.helper.js": {"path":"C:\\Users\\analu\\Downloads\\chat-system-postgres\\chat-system\\auth-service\\src\\helpers\\jwt.helper.js","statementMap":{"0":{"start":{"line":1,"column":12},"end":{"line":1,"column":35}},"1":{"start":{"line":3,"column":22},"end":{"line":3,"column":79}},"2":{"start":{"line":4,"column":23},"end":{"line":4,"column":89}},"3":{"start":{"line":5,"column":23},"end":{"line":5,"column":28}},"4":{"start":{"line":6,"column":24},"end":{"line":6,"column":28}},"5":{"start":{"line":9,"column":2},"end":{"line":9,"column":73}},"6":{"start":{"line":13,"column":2},"end":{"line":13,"column":75}},"7":{"start":{"line":17,"column":2},"end":{"line":17,"column":42}},"8":{"start":{"line":21,"column":2},"end":{"line":21,"column":43}},"9":{"start":{"line":25,"column":15},"end":{"line":25,"column":25}},"10":{"start":{"line":26,"column":2},"end":{"line":26,"column":35}},"11":{"start":{"line":27,"column":2},"end":{"line":27,"column":14}},"12":{"start":{"line":30,"column":0},"end":{"line":36,"column":2}}},"fnMap":{"0":{"name":"generateAccessToken","decl":{"start":{"line":8,"column":9},"end":{"line":8,"column":28}},"loc":{"start":{"line":8,"column":38},"end":{"line":10,"column":1}},"line":8},"1":{"name":"generateRefreshToken","decl":{"start":{"line":12,"column":9},"end":{"line":12,"column":29}},"loc":{"start":{"line":12,"column":39},"end":{"line":14,"column":1}},"line":12},"2":{"name":"verifyAccessToken","decl":{"start":{"line":16,"column":9},"end":{"line":16,"column":26}},"loc":{"start":{"line":16,"column":34},"end":{"line":18,"column":1}},"line":16},"3":{"name":"verifyRefreshToken","decl":{"start":{"line":20,"column":9},"end":{"line":20,"column":27}},"loc":{"start":{"line":20,"column":35},"end":{"line":22,"column":1}},"line":20},"4":{"name":"getRefreshExpiry","decl":{"start":{"line":24,"column":9},"end":{"line":24,"column":25}},"loc":{"start":{"line":24,"column":28},"end":{"line":28,"column":1}},"line":24}},"branchMap":{"0":{"loc":{"start":{"line":3,"column":22},"end":{"line":3,"column":79}},"type":"binary-expr","locations":[{"start":{"line":3,"column":22},"end":{"line":3,"column":44}},{"start":{"line":3,"column":48},"end":{"line":3,"column":79}}],"line":3},"1":{"loc":{"start":{"line":4,"column":23},"end":{"line":4,"column":89}},"type":"binary-expr","locations":[{"start":{"line":4,"column":23},"end":{"line":4,"column":53}},{"start":{"line":4,"column":57},"end":{"line":4,"column":89}}],"line":4}},"s":{"0":1,"1":1,"2":1,"3":1,"4":1,"5":3,"6":3,"7":2,"8":2,"9":3,"10":3,"11":3,"12":1},"f":{"0":3,"1":3,"2":2,"3":2,"4":3},"b":{"0":[1,1],"1":[1,1]},"_coverageSchema":"1a1c01bbd47fc00a2c39e90264f33305004495a9","hash":"65cc64fcd393d822c0bddb5adc1160e1e4a4a016"}
,"C:\\Users\\analu\\Downloads\\chat-system-postgres\\chat-system\\auth-service\\src\\models\\user.model.js": {"path":"C:\\Users\\analu\\Downloads\\chat-system-postgres\\chat-system\\auth-service\\src\\models\\user.model.js","statementMap":{"0":{"start":{"line":1,"column":17},"end":{"line":1,"column":39}},"1":{"start":{"line":2,"column":15},"end":{"line":2,"column":34}},"2":{"start":{"line":3,"column":23},"end":{"line":3,"column":38}},"3":{"start":{"line":5,"column":22},"end":{"line":9,"column":1}},"4":{"start":{"line":13,"column":15},"end":{"line":13,"column":23}},"5":{"start":{"line":14,"column":25},"end":{"line":14,"column":54}},"6":{"start":{"line":15,"column":24},"end":{"line":15,"column":87}},"7":{"start":{"line":17,"column":4},"end":{"line":21,"column":6}},"8":{"start":{"line":22,"column":4},"end":{"line":22,"column":29}},"9":{"start":{"line":26,"column":21},"end":{"line":29,"column":5}},"10":{"start":{"line":30,"column":4},"end":{"line":30,"column":27}},"11":{"start":{"line":34,"column":21},"end":{"line":37,"column":5}},"12":{"start":{"line":38,"column":4},"end":{"line":38,"column":27}},"13":{"start":{"line":42,"column":21},"end":{"line":45,"column":5}},"14":{"start":{"line":46,"column":4},"end":{"line":46,"column":27}},"15":{"start":{"line":50,"column":21},"end":{"line":52,"column":5}},"16":{"start":{"line":53,"column":4},"end":{"line":53,"column":16}},"17":{"start":{"line":57,"column":4},"end":{"line":60,"column":6}},"18":{"start":{"line":64,"column":4},"end":{"line":64,"column":51}},"19":{"start":{"line":68,"column":15},"end":{"line":68,"column":23}},"20":{"start":{"line":69,"column":4},"end":{"line":73,"column":6}},"21":{"start":{"line":77,"column":21},"end":{"line":83,"column":5}},"22":{"start":{"line":84,"column":4},"end":{"line":84,"column":27}},"23":{"start":{"line":88,"column":4},"end":{"line":88,"column":77}},"24":{"start":{"line":92,"column":4},"end":{"line":92,"column":80}},"25":{"start":{"line":96,"column":0},"end":{"line":96,"column":33}}},"fnMap":{"0":{"name":"(anonymous_0)","decl":{"start":{"line":12,"column":2},"end":{"line":12,"column":3}},"loc":{"start":{"line":12,"column":46},"end":{"line":23,"column":3}},"line":12},"1":{"name":"(anonymous_1)","decl":{"start":{"line":25,"column":2},"end":{"line":25,"column":3}},"loc":{"start":{"line":25,"column":21},"end":{"line":31,"column":3}},"line":25},"2":{"name":"(anonymous_2)","decl":{"start":{"line":33,"column":2},"end":{"line":33,"column":3}},"loc":{"start":{"line":33,"column":33},"end":{"line":39,"column":3}},"line":33},"3":{"name":"(anonymous_3)","decl":{"start":{"line":41,"column":2},"end":{"line":41,"column":3}},"loc":{"start":{"line":41,"column":27},"end":{"line":47,"column":3}},"line":41},"4":{"name":"(anonymous_4)","decl":{"start":{"line":49,"column":2},"end":{"line":49,"column":3}},"loc":{"start":{"line":49,"column":18},"end":{"line":54,"column":3}},"line":49},"5":{"name":"(anonymous_5)","decl":{"start":{"line":56,"column":2},"end":{"line":56,"column":3}},"loc":{"start":{"line":56,"column":33},"end":{"line":61,"column":3}},"line":56},"6":{"name":"(anonymous_6)","decl":{"start":{"line":63,"column":2},"end":{"line":63,"column":3}},"loc":{"start":{"line":63,"column":38},"end":{"line":65,"column":3}},"line":63},"7":{"name":"(anonymous_7)","decl":{"start":{"line":67,"column":2},"end":{"line":67,"column":3}},"loc":{"start":{"line":67,"column":51},"end":{"line":74,"column":3}},"line":67},"8":{"name":"(anonymous_8)","decl":{"start":{"line":76,"column":2},"end":{"line":76,"column":3}},"loc":{"start":{"line":76,"column":32},"end":{"line":85,"column":3}},"line":76},"9":{"name":"(anonymous_9)","decl":{"start":{"line":87,"column":2},"end":{"line":87,"column":3}},"loc":{"start":{"line":87,"column":34},"end":{"line":89,"column":3}},"line":87},"10":{"name":"(anonymous_10)","decl":{"start":{"line":91,"column":2},"end":{"line":91,"column":3}},"loc":{"start":{"line":91,"column":39},"end":{"line":93,"column":3}},"line":91}},"branchMap":{"0":{"loc":{"start":{"line":30,"column":11},"end":{"line":30,"column":26}},"type":"binary-expr","locations":[{"start":{"line":30,"column":11},"end":{"line":30,"column":18}},{"start":{"line":30,"column":22},"end":{"line":30,"column":26}}],"line":30},"1":{"loc":{"start":{"line":38,"column":11},"end":{"line":38,"column":26}},"type":"binary-expr","locations":[{"start":{"line":38,"column":11},"end":{"line":38,"column":18}},{"start":{"line":38,"column":22},"end":{"line":38,"column":26}}],"line":38},"2":{"loc":{"start":{"line":46,"column":11},"end":{"line":46,"column":26}},"type":"binary-expr","locations":[{"start":{"line":46,"column":11},"end":{"line":46,"column":18}},{"start":{"line":46,"column":22},"end":{"line":46,"column":26}}],"line":46},"3":{"loc":{"start":{"line":84,"column":11},"end":{"line":84,"column":26}},"type":"binary-expr","locations":[{"start":{"line":84,"column":11},"end":{"line":84,"column":18}},{"start":{"line":84,"column":22},"end":{"line":84,"column":26}}],"line":84}},"s":{"0":1,"1":1,"2":1,"3":1,"4":1,"5":1,"6":1,"7":1,"8":1,"9":3,"10":3,"11":5,"12":5,"13":1,"14":1,"15":0,"16":0,"17":1,"18":2,"19":3,"20":3,"21":1,"22":1,"23":1,"24":0,"25":1},"f":{"0":1,"1":3,"2":5,"3":1,"4":0,"5":1,"6":2,"7":3,"8":1,"9":1,"10":0},"b":{"0":[3,0],"1":[5,2],"2":[1,1],"3":[1,0]},"_coverageSchema":"1a1c01bbd47fc00a2c39e90264f33305004495a9","hash":"98118ec2b6400700dc75e50c65cc32f429810349"}
,"C:\\Users\\analu\\Downloads\\chat-system-postgres\\chat-system\\auth-service\\src\\routes\\auth.routes.js": {"path":"C:\\Users\\analu\\Downloads\\chat-system-postgres\\chat-system\\auth-service\\src\\routes\\auth.routes.js","statementMap":{"0":{"start":{"line":1,"column":16},"end":{"line":1,"column":34}},"1":{"start":{"line":2,"column":12},"end":{"line":2,"column":26}},"2":{"start":{"line":3,"column":18},"end":{"line":3,"column":49}},"3":{"start":{"line":4,"column":18},"end":{"line":4,"column":50}},"4":{"start":{"line":6,"column":15},"end":{"line":6,"column":31}},"5":{"start":{"line":8,"column":23},"end":{"line":12,"column":2}},"6":{"start":{"line":14,"column":20},"end":{"line":17,"column":2}},"7":{"start":{"line":19,"column":0},"end":{"line":45,"column":3}},"8":{"start":{"line":20,"column":27},"end":{"line":20,"column":60}},"9":{"start":{"line":21,"column":2},"end":{"line":21,"column":78}},"10":{"start":{"line":21,"column":13},"end":{"line":21,"column":78}},"11":{"start":{"line":23,"column":40},"end":{"line":23,"column":45}},"12":{"start":{"line":25,"column":2},"end":{"line":44,"column":3}},"13":{"start":{"line":26,"column":4},"end":{"line":28,"column":5}},"14":{"start":{"line":27,"column":6},"end":{"line":27,"column":71}},"15":{"start":{"line":29,"column":4},"end":{"line":31,"column":5}},"16":{"start":{"line":30,"column":6},"end":{"line":30,"column":73}},"17":{"start":{"line":33,"column":17},"end":{"line":33,"column":70}},"18":{"start":{"line":34,"column":24},"end":{"line":34,"column":99}},"19":{"start":{"line":35,"column":25},"end":{"line":35,"column":76}},"20":{"start":{"line":36,"column":22},"end":{"line":36,"column":50}},"21":{"start":{"line":38,"column":4},"end":{"line":38,"column":71}},"22":{"start":{"line":40,"column":4},"end":{"line":40,"column":69}},"23":{"start":{"line":42,"column":4},"end":{"line":42,"column":42}},"24":{"start":{"line":43,"column":4},"end":{"line":43,"column":68}},"25":{"start":{"line":47,"column":0},"end":{"line":72,"column":3}},"26":{"start":{"line":48,"column":27},"end":{"line":48,"column":57}},"27":{"start":{"line":49,"column":2},"end":{"line":49,"column":78}},"28":{"start":{"line":49,"column":13},"end":{"line":49,"column":78}},"29":{"start":{"line":51,"column":33},"end":{"line":51,"column":38}},"30":{"start":{"line":53,"column":2},"end":{"line":71,"column":3}},"31":{"start":{"line":54,"column":17},"end":{"line":54,"column":57}},"32":{"start":{"line":55,"column":4},"end":{"line":57,"column":5}},"33":{"start":{"line":56,"column":6},"end":{"line":56,"column":68}},"34":{"start":{"line":59,"column":24},"end":{"line":59,"column":99}},"35":{"start":{"line":60,"column":25},"end":{"line":60,"column":76}},"36":{"start":{"line":61,"column":22},"end":{"line":61,"column":50}},"37":{"start":{"line":63,"column":4},"end":{"line":63,"column":71}},"38":{"start":{"line":64,"column":4},"end":{"line":64,"column":52}},"39":{"start":{"line":66,"column":43},"end":{"line":66,"column":47}},"40":{"start":{"line":67,"column":4},"end":{"line":67,"column":67}},"41":{"start":{"line":69,"column":4},"end":{"line":69,"column":39}},"42":{"start":{"line":70,"column":4},"end":{"line":70,"column":68}},"43":{"start":{"line":74,"column":0},"end":{"line":99,"column":3}},"44":{"start":{"line":75,"column":27},"end":{"line":75,"column":35}},"45":{"start":{"line":76,"column":2},"end":{"line":76,"column":86}},"46":{"start":{"line":76,"column":21},"end":{"line":76,"column":86}},"47":{"start":{"line":78,"column":2},"end":{"line":98,"column":3}},"48":{"start":{"line":79,"column":20},"end":{"line":79,"column":62}},"49":{"start":{"line":80,"column":24},"end":{"line":80,"column":70}},"50":{"start":{"line":82,"column":4},"end":{"line":82,"column":97}},"51":{"start":{"line":82,"column":22},"end":{"line":82,"column":97}},"52":{"start":{"line":84,"column":17},"end":{"line":84,"column":57}},"53":{"start":{"line":85,"column":4},"end":{"line":85,"column":72}},"54":{"start":{"line":85,"column":15},"end":{"line":85,"column":72}},"55":{"start":{"line":87,"column":4},"end":{"line":87,"column":53}},"56":{"start":{"line":89,"column":27},"end":{"line":89,"column":102}},"57":{"start":{"line":90,"column":28},"end":{"line":90,"column":79}},"58":{"start":{"line":91,"column":22},"end":{"line":91,"column":50}},"59":{"start":{"line":93,"column":4},"end":{"line":93,"column":74}},"60":{"start":{"line":95,"column":4},"end":{"line":95,"column":84}},"61":{"start":{"line":97,"column":4},"end":{"line":97,"column":60}},"62":{"start":{"line":101,"column":0},"end":{"line":108,"column":3}},"63":{"start":{"line":102,"column":35},"end":{"line":102,"column":43}},"64":{"start":{"line":103,"column":2},"end":{"line":106,"column":12}},"65":{"start":{"line":104,"column":4},"end":{"line":104,"column":71}},"66":{"start":{"line":104,"column":22},"end":{"line":104,"column":71}},"67":{"start":{"line":105,"column":4},"end":{"line":105,"column":64}},"68":{"start":{"line":105,"column":16},"end":{"line":105,"column":64}},"69":{"start":{"line":107,"column":2},"end":{"line":107,"column":58}},"70":{"start":{"line":110,"column":0},"end":{"line":124,"column":3}},"71":{"start":{"line":111,"column":21},"end":{"line":111,"column":46}},"72":{"start":{"line":112,"column":2},"end":{"line":114,"column":3}},"73":{"start":{"line":113,"column":4},"end":{"line":113,"column":64}},"74":{"start":{"line":115,"column":2},"end":{"line":123,"column":3}},"75":{"start":{"line":116,"column":18},"end":{"line":116,"column":42}},"76":{"start":{"line":117,"column":20},"end":{"line":117,"column":54}},"77":{"start":{"line":118,"column":17},"end":{"line":118,"column":57}},"78":{"start":{"line":119,"column":4},"end":{"line":119,"column":72}},"79":{"start":{"line":119,"column":15},"end":{"line":119,"column":72}},"80":{"start":{"line":120,"column":4},"end":{"line":120,"column":43}},"81":{"start":{"line":122,"column":4},"end":{"line":122,"column":74}},"82":{"start":{"line":126,"column":0},"end":{"line":138,"column":3}},"83":{"start":{"line":127,"column":21},"end":{"line":127,"column":46}},"84":{"start":{"line":128,"column":2},"end":{"line":130,"column":3}},"85":{"start":{"line":129,"column":4},"end":{"line":129,"column":59}},"86":{"start":{"line":131,"column":2},"end":{"line":137,"column":3}},"87":{"start":{"line":132,"column":4},"end":{"line":132,"column":58}},"88":{"start":{"line":133,"column":18},"end":{"line":133,"column":43}},"89":{"start":{"line":134,"column":4},"end":{"line":134,"column":31}},"90":{"start":{"line":136,"column":4},"end":{"line":136,"column":60}},"91":{"start":{"line":140,"column":0},"end":{"line":140,"column":24}}},"fnMap":{"0":{"name":"(anonymous_0)","decl":{"start":{"line":19,"column":25},"end":{"line":19,"column":26}},"loc":{"start":{"line":19,"column":45},"end":{"line":45,"column":1}},"line":19},"1":{"name":"(anonymous_1)","decl":{"start":{"line":47,"column":22},"end":{"line":47,"column":23}},"loc":{"start":{"line":47,"column":42},"end":{"line":72,"column":1}},"line":47},"2":{"name":"(anonymous_2)","decl":{"start":{"line":74,"column":24},"end":{"line":74,"column":25}},"loc":{"start":{"line":74,"column":44},"end":{"line":99,"column":1}},"line":74},"3":{"name":"(anonymous_3)","decl":{"start":{"line":101,"column":23},"end":{"line":101,"column":24}},"loc":{"start":{"line":101,"column":43},"end":{"line":108,"column":1}},"line":101},"4":{"name":"(anonymous_4)","decl":{"start":{"line":110,"column":24},"end":{"line":110,"column":25}},"loc":{"start":{"line":110,"column":44},"end":{"line":124,"column":1}},"line":110},"5":{"name":"(anonymous_5)","decl":{"start":{"line":126,"column":21},"end":{"line":126,"column":22}},"loc":{"start":{"line":126,"column":41},"end":{"line":138,"column":1}},"line":126}},"branchMap":{"0":{"loc":{"start":{"line":21,"column":2},"end":{"line":21,"column":78}},"type":"if","locations":[{"start":{"line":21,"column":2},"end":{"line":21,"column":78}},{"start":{},"end":{}}],"line":21},"1":{"loc":{"start":{"line":26,"column":4},"end":{"line":28,"column":5}},"type":"if","locations":[{"start":{"line":26,"column":4},"end":{"line":28,"column":5}},{"start":{},"end":{}}],"line":26},"2":{"loc":{"start":{"line":29,"column":4},"end":{"line":31,"column":5}},"type":"if","locations":[{"start":{"line":29,"column":4},"end":{"line":31,"column":5}},{"start":{},"end":{}}],"line":29},"3":{"loc":{"start":{"line":49,"column":2},"end":{"line":49,"column":78}},"type":"if","locations":[{"start":{"line":49,"column":2},"end":{"line":49,"column":78}},{"start":{},"end":{}}],"line":49},"4":{"loc":{"start":{"line":55,"column":4},"end":{"line":57,"column":5}},"type":"if","locations":[{"start":{"line":55,"column":4},"end":{"line":57,"column":5}},{"start":{},"end":{}}],"line":55},"5":{"loc":{"start":{"line":55,"column":8},"end":{"line":55,"column":72}},"type":"binary-expr","locations":[{"start":{"line":55,"column":8},"end":{"line":55,"column":13}},{"start":{"line":55,"column":17},"end":{"line":55,"column":72}}],"line":55},"6":{"loc":{"start":{"line":76,"column":2},"end":{"line":76,"column":86}},"type":"if","locations":[{"start":{"line":76,"column":2},"end":{"line":76,"column":86}},{"start":{},"end":{}}],"line":76},"7":{"loc":{"start":{"line":82,"column":4},"end":{"line":82,"column":97}},"type":"if","locations":[{"start":{"line":82,"column":4},"end":{"line":82,"column":97}},{"start":{},"end":{}}],"line":82},"8":{"loc":{"start":{"line":85,"column":4},"end":{"line":85,"column":72}},"type":"if","locations":[{"start":{"line":85,"column":4},"end":{"line":85,"column":72}},{"start":{},"end":{}}],"line":85},"9":{"loc":{"start":{"line":104,"column":4},"end":{"line":104,"column":71}},"type":"if","locations":[{"start":{"line":104,"column":4},"end":{"line":104,"column":71}},{"start":{},"end":{}}],"line":104},"10":{"loc":{"start":{"line":105,"column":4},"end":{"line":105,"column":64}},"type":"if","locations":[{"start":{"line":105,"column":4},"end":{"line":105,"column":64}},{"start":{},"end":{}}],"line":105},"11":{"loc":{"start":{"line":112,"column":2},"end":{"line":114,"column":3}},"type":"if","locations":[{"start":{"line":112,"column":2},"end":{"line":114,"column":3}},{"start":{},"end":{}}],"line":112},"12":{"loc":{"start":{"line":119,"column":4},"end":{"line":119,"column":72}},"type":"if","locations":[{"start":{"line":119,"column":4},"end":{"line":119,"column":72}},{"start":{},"end":{}}],"line":119},"13":{"loc":{"start":{"line":128,"column":2},"end":{"line":130,"column":3}},"type":"if","locations":[{"start":{"line":128,"column":2},"end":{"line":130,"column":3}},{"start":{},"end":{}}],"line":128}},"s":{"0":1,"1":1,"2":1,"3":1,"4":1,"5":1,"6":1,"7":1,"8":4,"9":4,"10":2,"11":2,"12":2,"13":2,"14":1,"15":1,"16":0,"17":1,"18":1,"19":1,"20":1,"21":1,"22":1,"23":0,"24":0,"25":1,"26":3,"27":3,"28":0,"29":3,"30":3,"31":3,"32":3,"33":2,"34":1,"35":1,"36":1,"37":1,"38":1,"39":1,"40":1,"41":0,"42":0,"43":1,"44":2,"45":2,"46":0,"47":2,"48":2,"49":1,"50":1,"51":0,"52":1,"53":1,"54":0,"55":1,"56":1,"57":1,"58":1,"59":1,"60":1,"61":1,"62":1,"63":0,"64":0,"65":0,"66":0,"67":0,"68":0,"69":0,"70":1,"71":3,"72":3,"73":1,"74":2,"75":2,"76":2,"77":1,"78":1,"79":0,"80":1,"81":1,"82":1,"83":0,"84":0,"85":0,"86":0,"87":0,"88":0,"89":0,"90":0,"91":1},"f":{"0":4,"1":3,"2":2,"3":0,"4":3,"5":0},"b":{"0":[2,2],"1":[1,1],"2":[0,1],"3":[0,3],"4":[2,1],"5":[3,2],"6":[0,2],"7":[0,1],"8":[0,1],"9":[0,0],"10":[0,0],"11":[1,2],"12":[0,1],"13":[0,0]},"_coverageSchema":"1a1c01bbd47fc00a2c39e90264f33305004495a9","hash":"85ebaaf664c1c42be2b4a179a69e4683e3439252"}
}
