TN:
SF:src\database.js
FN:10,(anonymous_0)
FN:14,initDatabase
FNF:2
FNH:1
FNDA:0,(anonymous_0)
FNDA:1,initDatabase
DA:1,1
DA:3,1
DA:10,1
DA:11,0
DA:15,1
DA:40,1
DA:43,1
LF:7
LH:6
BRDA:4,0,0,1
BRDA:4,0,1,0
BRF:2
BRH:1
end_of_record
TN:
SF:src\index.js
FN:19,(anonymous_0)
FN:25,(anonymous_1)
FN:26,(anonymous_2)
FN:31,start
FN:33,(anonymous_4)
FN:39,(anonymous_5)
FNF:6
FNH:1
FNDA:1,(anonymous_0)
FNDA:0,(anonymous_1)
FNDA:0,(anonymous_2)
FNDA:0,start
FNDA:0,(anonymous_4)
FNDA:0,(anonymous_5)
DA:1,1
DA:2,1
DA:3,1
DA:4,1
DA:5,1
DA:6,1
DA:8,1
DA:9,1
DA:11,1
DA:12,1
DA:16,1
DA:17,1
DA:19,1
DA:20,1
DA:23,1
DA:25,1
DA:26,1
DA:27,0
DA:28,0
DA:32,0
DA:33,0
DA:34,0
DA:38,1
DA:39,0
DA:40,0
DA:41,0
DA:45,1
LF:27
LH:19
BRDA:9,0,0,1
BRDA:9,0,1,1
BRDA:13,1,0,1
BRDA:13,1,1,1
BRDA:38,2,0,0
BRDA:38,2,1,1
BRF:6
BRH:5
end_of_record
TN:
SF:src\helpers\jwt.helper.js
FN:8,generateAccessToken
FN:12,generateRefreshToken
FN:16,verifyAccessToken
FN:20,verifyRefreshToken
FN:24,getRefreshExpiry
FNF:5
FNH:5
FNDA:3,generateAccessToken
FNDA:3,generateRefreshToken
FNDA:2,verifyAccessToken
FNDA:2,verifyRefreshToken
FNDA:3,getRefreshExpiry
DA:1,1
DA:3,1
DA:4,1
DA:5,1
DA:6,1
DA:9,3
DA:13,3
DA:17,2
DA:21,2
DA:25,3
DA:26,3
DA:27,3
DA:30,1
LF:13
LH:13
BRDA:3,0,0,1
BRDA:3,0,1,1
BRDA:4,1,0,1
BRDA:4,1,1,1
BRF:4
BRH:4
end_of_record
TN:
SF:src\models\user.model.js
FN:12,(anonymous_0)
FN:25,(anonymous_1)
FN:33,(anonymous_2)
FN:41,(anonymous_3)
FN:49,(anonymous_4)
FN:56,(anonymous_5)
FN:63,(anonymous_6)
FN:67,(anonymous_7)
FN:76,(anonymous_8)
FN:87,(anonymous_9)
FN:91,(anonymous_10)
FNF:11
FNH:9
FNDA:1,(anonymous_0)
FNDA:3,(anonymous_1)
FNDA:5,(anonymous_2)
FNDA:1,(anonymous_3)
FNDA:0,(anonymous_4)
FNDA:1,(anonymous_5)
FNDA:2,(anonymous_6)
FNDA:3,(anonymous_7)
FNDA:1,(anonymous_8)
FNDA:1,(anonymous_9)
FNDA:0,(anonymous_10)
DA:1,1
DA:2,1
DA:3,1
DA:5,1
DA:13,1
DA:14,1
DA:15,1
DA:17,1
DA:22,1
DA:26,3
DA:30,3
DA:34,5
DA:38,5
DA:42,1
DA:46,1
DA:50,0
DA:53,0
DA:57,1
DA:64,2
DA:68,3
DA:69,3
DA:77,1
DA:84,1
DA:88,1
DA:92,0
DA:96,1
LF:26
LH:23
BRDA:30,0,0,3
BRDA:30,0,1,0
BRDA:38,1,0,5
BRDA:38,1,1,2
BRDA:46,2,0,1
BRDA:46,2,1,1
BRDA:84,3,0,1
BRDA:84,3,1,0
BRF:8
BRH:6
end_of_record
TN:
SF:src\routes\auth.routes.js
FN:19,(anonymous_0)
FN:47,(anonymous_1)
FN:74,(anonymous_2)
FN:101,(anonymous_3)
FN:110,(anonymous_4)
FN:126,(anonymous_5)
FNF:6
FNH:4
FNDA:4,(anonymous_0)
FNDA:3,(anonymous_1)
FNDA:2,(anonymous_2)
FNDA:0,(anonymous_3)
FNDA:3,(anonymous_4)
FNDA:0,(anonymous_5)
DA:1,1
DA:2,1
DA:3,1
DA:4,1
DA:6,1
DA:8,1
DA:14,1
DA:19,1
DA:20,4
DA:21,4
DA:23,2
DA:25,2
DA:26,2
DA:27,1
DA:29,1
DA:30,0
DA:33,1
DA:34,1
DA:35,1
DA:36,1
DA:38,1
DA:40,1
DA:42,0
DA:43,0
DA:47,1
DA:48,3
DA:49,3
DA:51,3
DA:53,3
DA:54,3
DA:55,3
DA:56,2
DA:59,1
DA:60,1
DA:61,1
DA:63,1
DA:64,1
DA:66,1
DA:67,1
DA:69,0
DA:70,0
DA:74,1
DA:75,2
DA:76,2
DA:78,2
DA:79,2
DA:80,1
DA:82,1
DA:84,1
DA:85,1
DA:87,1
DA:89,1
DA:90,1
DA:91,1
DA:93,1
DA:95,1
DA:97,1
DA:101,1
DA:102,0
DA:103,0
DA:104,0
DA:105,0
DA:107,0
DA:110,1
DA:111,3
DA:112,3
DA:113,1
DA:115,2
DA:116,2
DA:117,2
DA:118,1
DA:119,1
DA:120,1
DA:122,1
DA:126,1
DA:127,0
DA:128,0
DA:129,0
DA:131,0
DA:132,0
DA:133,0
DA:134,0
DA:136,0
DA:140,1
LF:84
LH:66
BRDA:21,0,0,2
BRDA:21,0,1,2
BRDA:26,1,0,1
BRDA:26,1,1,1
BRDA:29,2,0,0
BRDA:29,2,1,1
BRDA:49,3,0,0
BRDA:49,3,1,3
BRDA:55,4,0,2
BRDA:55,4,1,1
BRDA:55,5,0,3
BRDA:55,5,1,2
BRDA:76,6,0,0
BRDA:76,6,1,2
BRDA:82,7,0,0
BRDA:82,7,1,1
BRDA:85,8,0,0
BRDA:85,8,1,1
BRDA:104,9,0,0
BRDA:104,9,1,0
BRDA:105,10,0,0
BRDA:105,10,1,0
BRDA:112,11,0,1
BRDA:112,11,1,2
BRDA:119,12,0,0
BRDA:119,12,1,1
BRDA:128,13,0,0
BRDA:128,13,1,0
BRF:28
BRH:16
end_of_record
