{"C:\\Users\\analu\\Downloads\\chat-system-postgres\\chat-system\\message-service\\src\\database.js": {"path":"C:\\Users\\analu\\Downloads\\chat-system-postgres\\chat-system\\message-service\\src\\database.js","statementMap":{"0":{"start":{"line":1,"column":17},"end":{"line":1,"column":30}},"1":{"start":{"line":3,"column":13},"end":{"line":8,"column":2}},"2":{"start":{"line":10,"column":0},"end":{"line":12,"column":3}},"3":{"start":{"line":11,"column":2},"end":{"line":11,"column":58}},"4":{"start":{"line":15,"column":2},"end":{"line":44,"column":5}},"5":{"start":{"line":45,"column":2},"end":{"line":45,"column":56}},"6":{"start":{"line":48,"column":0},"end":{"line":48,"column":40}}},"fnMap":{"0":{"name":"(anonymous_0)","decl":{"start":{"line":10,"column":17},"end":{"line":10,"column":18}},"loc":{"start":{"line":10,"column":26},"end":{"line":12,"column":1}},"line":10},"1":{"name":"initDatabase","decl":{"start":{"line":14,"column":15},"end":{"line":14,"column":27}},"loc":{"start":{"line":14,"column":30},"end":{"line":46,"column":1}},"line":14}},"branchMap":{"0":{"loc":{"start":{"line":4,"column":20},"end":{"line":4,"column":99}},"type":"binary-expr","locations":[{"start":{"line":4,"column":20},"end":{"line":4,"column":44}},{"start":{"line":4,"column":48},"end":{"line":4,"column":99}}],"line":4}},"s":{"0":2,"1":2,"2":2,"3":0,"4":2,"5":2,"6":2},"f":{"0":0,"1":2},"b":{"0":[2,0]},"_coverageSchema":"1a1c01bbd47fc00a2c39e90264f33305004495a9","hash":"cfaba14a856cbf13f6c9c70b0f1899e7dbe08552"}
,"C:\\Users\\analu\\Downloads\\chat-system-postgres\\chat-system\\message-service\\src\\index.js": {"path":"C:\\Users\\analu\\Downloads\\chat-system-postgres\\chat-system\\message-service\\src\\index.js","statementMap":{"0":{"start":{"line":1,"column":16},"end":{"line":1,"column":34}},"1":{"start":{"line":2,"column":13},"end":{"line":2,"column":28}},"2":{"start":{"line":3,"column":19},"end":{"line":3,"column":39}},"3":{"start":{"line":4,"column":26},"end":{"line":4,"column":61}},"4":{"start":{"line":5,"column":13},"end":{"line":5,"column":28}},"5":{"start":{"line":6,"column":15},"end":{"line":6,"column":32}},"6":{"start":{"line":7,"column":15},"end":{"line":7,"column":32}},"7":{"start":{"line":8,"column":25},"end":{"line":8,"column":46}},"8":{"start":{"line":9,"column":47},"end":{"line":9,"column":65}},"9":{"start":{"line":10,"column":22},"end":{"line":10,"column":56}},"10":{"start":{"line":11,"column":53},"end":{"line":11,"column":84}},"11":{"start":{"line":13,"column":12},"end":{"line":13,"column":21}},"12":{"start":{"line":14,"column":15},"end":{"line":14,"column":37}},"13":{"start":{"line":15,"column":13},"end":{"line":15,"column":41}},"14":{"start":{"line":16,"column":21},"end":{"line":16,"column":72}},"15":{"start":{"line":17,"column":20},"end":{"line":17,"column":64}},"16":{"start":{"line":19,"column":11},"end":{"line":22,"column":2}},"17":{"start":{"line":24,"column":0},"end":{"line":24,"column":50}},"18":{"start":{"line":25,"column":0},"end":{"line":25,"column":59}},"19":{"start":{"line":26,"column":0},"end":{"line":26,"column":28}},"20":{"start":{"line":27,"column":0},"end":{"line":27,"column":24}},"21":{"start":{"line":29,"column":0},"end":{"line":37,"column":3}},"22":{"start":{"line":30,"column":2},"end":{"line":36,"column":5}},"23":{"start":{"line":39,"column":0},"end":{"line":39,"column":31}},"24":{"start":{"line":40,"column":0},"end":{"line":40,"column":24}},"25":{"start":{"line":43,"column":2},"end":{"line":43,"column":23}},"26":{"start":{"line":44,"column":2},"end":{"line":44,"column":23}},"27":{"start":{"line":51,"column":2},"end":{"line":51,"column":50}},"28":{"start":{"line":53,"column":2},"end":{"line":56,"column":5}},"29":{"start":{"line":54,"column":4},"end":{"line":54,"column":88}},"30":{"start":{"line":55,"column":4},"end":{"line":55,"column":60}},"31":{"start":{"line":59,"column":0},"end":{"line":64,"column":1}},"32":{"start":{"line":60,"column":2},"end":{"line":63,"column":5}},"33":{"start":{"line":61,"column":4},"end":{"line":61,"column":59}},"34":{"start":{"line":62,"column":4},"end":{"line":62,"column":20}},"35":{"start":{"line":66,"column":0},"end":{"line":66,"column":37}}},"fnMap":{"0":{"name":"(anonymous_0)","decl":{"start":{"line":29,"column":19},"end":{"line":29,"column":20}},"loc":{"start":{"line":29,"column":39},"end":{"line":37,"column":1}},"line":29},"1":{"name":"start","decl":{"start":{"line":42,"column":15},"end":{"line":42,"column":20}},"loc":{"start":{"line":42,"column":23},"end":{"line":57,"column":1}},"line":42},"2":{"name":"(anonymous_2)","decl":{"start":{"line":53,"column":22},"end":{"line":53,"column":23}},"loc":{"start":{"line":53,"column":28},"end":{"line":56,"column":3}},"line":53},"3":{"name":"(anonymous_3)","decl":{"start":{"line":60,"column":16},"end":{"line":60,"column":17}},"loc":{"start":{"line":60,"column":25},"end":{"line":63,"column":3}},"line":60}},"branchMap":{"0":{"loc":{"start":{"line":15,"column":13},"end":{"line":15,"column":41}},"type":"binary-expr","locations":[{"start":{"line":15,"column":13},"end":{"line":15,"column":33}},{"start":{"line":15,"column":37},"end":{"line":15,"column":41}}],"line":15},"1":{"loc":{"start":{"line":16,"column":21},"end":{"line":16,"column":72}},"type":"binary-expr","locations":[{"start":{"line":16,"column":21},"end":{"line":16,"column":45}},{"start":{"line":16,"column":49},"end":{"line":16,"column":72}}],"line":16},"2":{"loc":{"start":{"line":17,"column":20},"end":{"line":17,"column":64}},"type":"binary-expr","locations":[{"start":{"line":17,"column":20},"end":{"line":17,"column":40}},{"start":{"line":17,"column":44},"end":{"line":17,"column":64}}],"line":17},"3":{"loc":{"start":{"line":59,"column":0},"end":{"line":64,"column":1}},"type":"if","locations":[{"start":{"line":59,"column":0},"end":{"line":64,"column":1}},{"start":{},"end":{}}],"line":59}},"s":{"0":1,"1":1,"2":1,"3":1,"4":1,"5":1,"6":1,"7":1,"8":1,"9":1,"10":1,"11":1,"12":1,"13":1,"14":1,"15":1,"16":1,"17":1,"18":1,"19":1,"20":1,"21":1,"22":1,"23":1,"24":1,"25":0,"26":0,"27":0,"28":0,"29":0,"30":0,"31":1,"32":0,"33":0,"34":0,"35":1},"f":{"0":1,"1":0,"2":0,"3":0},"b":{"0":[1,1],"1":[1,1],"2":[1,1],"3":[0,1]},"_coverageSchema":"1a1c01bbd47fc00a2c39e90264f33305004495a9","hash":"62413a8e08f13bd493af1716947fd39744a2c3f7"}
,"C:\\Users\\analu\\Downloads\\chat-system-postgres\\chat-system\\message-service\\src\\redis.js": {"path":"C:\\Users\\analu\\Downloads\\chat-system-postgres\\chat-system\\message-service\\src\\redis.js","statementMap":{"0":{"start":{"line":1,"column":25},"end":{"line":1,"column":41}},"1":{"start":{"line":3,"column":18},"end":{"line":3,"column":67}},"2":{"start":{"line":7,"column":18},"end":{"line":7,"column":50}},"3":{"start":{"line":8,"column":18},"end":{"line":8,"column":39}},"4":{"start":{"line":9,"column":19},"end":{"line":9,"column":40}},"5":{"start":{"line":11,"column":0},"end":{"line":11,"column":73}},"6":{"start":{"line":11,"column":31},"end":{"line":11,"column":71}},"7":{"start":{"line":12,"column":0},"end":{"line":12,"column":73}},"8":{"start":{"line":12,"column":31},"end":{"line":12,"column":71}},"9":{"start":{"line":13,"column":0},"end":{"line":13,"column":75}},"10":{"start":{"line":13,"column":32},"end":{"line":13,"column":73}},"11":{"start":{"line":15,"column":16},"end":{"line":15,"column":21}},"12":{"start":{"line":18,"column":2},"end":{"line":18,"column":24}},"13":{"start":{"line":18,"column":17},"end":{"line":18,"column":24}},"14":{"start":{"line":19,"column":2},"end":{"line":19,"column":86}},"15":{"start":{"line":20,"column":2},"end":{"line":20,"column":19}},"16":{"start":{"line":21,"column":2},"end":{"line":21,"column":48}},"17":{"start":{"line":27,"column":2},"end":{"line":27,"column":25}},"18":{"start":{"line":27,"column":18},"end":{"line":27,"column":25}},"19":{"start":{"line":28,"column":2},"end":{"line":32,"column":5}},"20":{"start":{"line":33,"column":2},"end":{"line":33,"column":20}},"21":{"start":{"line":36,"column":0},"end":{"line":36,"column":96}}},"fnMap":{"0":{"name":"(anonymous_0)","decl":{"start":{"line":11,"column":22},"end":{"line":11,"column":23}},"loc":{"start":{"line":11,"column":31},"end":{"line":11,"column":71}},"line":11},"1":{"name":"(anonymous_1)","decl":{"start":{"line":12,"column":22},"end":{"line":12,"column":23}},"loc":{"start":{"line":12,"column":31},"end":{"line":12,"column":71}},"line":12},"2":{"name":"(anonymous_2)","decl":{"start":{"line":13,"column":23},"end":{"line":13,"column":24}},"loc":{"start":{"line":13,"column":32},"end":{"line":13,"column":73}},"line":13},"3":{"name":"connectRedis","decl":{"start":{"line":17,"column":15},"end":{"line":17,"column":27}},"loc":{"start":{"line":17,"column":30},"end":{"line":22,"column":1}},"line":17},"4":{"name":"disconnectRedis","decl":{"start":{"line":26,"column":15},"end":{"line":26,"column":30}},"loc":{"start":{"line":26,"column":33},"end":{"line":34,"column":1}},"line":26},"5":{"name":"(anonymous_5)","decl":{"start":{"line":29,"column":27},"end":{"line":29,"column":28}},"loc":{"start":{"line":29,"column":33},"end":{"line":29,"column":35}},"line":29},"6":{"name":"(anonymous_6)","decl":{"start":{"line":30,"column":27},"end":{"line":30,"column":28}},"loc":{"start":{"line":30,"column":33},"end":{"line":30,"column":35}},"line":30},"7":{"name":"(anonymous_7)","decl":{"start":{"line":31,"column":28},"end":{"line":31,"column":29}},"loc":{"start":{"line":31,"column":34},"end":{"line":31,"column":36}},"line":31}},"branchMap":{"0":{"loc":{"start":{"line":3,"column":18},"end":{"line":3,"column":67}},"type":"binary-expr","locations":[{"start":{"line":3,"column":18},"end":{"line":3,"column":39}},{"start":{"line":3,"column":43},"end":{"line":3,"column":67}}],"line":3},"1":{"loc":{"start":{"line":18,"column":2},"end":{"line":18,"column":24}},"type":"if","locations":[{"start":{"line":18,"column":2},"end":{"line":18,"column":24}},{"start":{},"end":{}}],"line":18},"2":{"loc":{"start":{"line":27,"column":2},"end":{"line":27,"column":25}},"type":"if","locations":[{"start":{"line":27,"column":2},"end":{"line":27,"column":25}},{"start":{},"end":{}}],"line":27}},"s":{"0":2,"1":2,"2":2,"3":2,"4":2,"5":2,"6":0,"7":2,"8":0,"9":2,"10":0,"11":2,"12":2,"13":0,"14":2,"15":2,"16":2,"17":1,"18":0,"19":1,"20":1,"21":2},"f":{"0":0,"1":0,"2":0,"3":2,"4":1,"5":0,"6":0,"7":0},"b":{"0":[2,0],"1":[0,2],"2":[0,1]},"_coverageSchema":"1a1c01bbd47fc00a2c39e90264f33305004495a9","hash":"fb70cf7bb84722c4f103de4753f3a35f56f19ff2"}
,"C:\\Users\\analu\\Downloads\\chat-system-postgres\\chat-system\\message-service\\src\\middleware\\auth.middleware.js": {"path":"C:\\Users\\analu\\Downloads\\chat-system-postgres\\chat-system\\message-service\\src\\middleware\\auth.middleware.js","statementMap":{"0":{"start":{"line":1,"column":12},"end":{"line":1,"column":35}},"1":{"start":{"line":3,"column":22},"end":{"line":3,"column":79}},"2":{"start":{"line":6,"column":21},"end":{"line":6,"column":46}},"3":{"start":{"line":7,"column":2},"end":{"line":9,"column":3}},"4":{"start":{"line":8,"column":4},"end":{"line":8,"column":64}},"5":{"start":{"line":11,"column":2},"end":{"line":18,"column":3}},"6":{"start":{"line":12,"column":18},"end":{"line":12,"column":42}},"7":{"start":{"line":13,"column":20},"end":{"line":13,"column":52}},"8":{"start":{"line":14,"column":4},"end":{"line":14,"column":23}},"9":{"start":{"line":15,"column":4},"end":{"line":15,"column":11}},"10":{"start":{"line":17,"column":4},"end":{"line":17,"column":71}},"11":{"start":{"line":22,"column":2},"end":{"line":26,"column":3}},"12":{"start":{"line":23,"column":4},"end":{"line":23,"column":44}},"13":{"start":{"line":25,"column":4},"end":{"line":25,"column":16}},"14":{"start":{"line":29,"column":0},"end":{"line":29,"column":55}}},"fnMap":{"0":{"name":"authMiddleware","decl":{"start":{"line":5,"column":9},"end":{"line":5,"column":23}},"loc":{"start":{"line":5,"column":40},"end":{"line":19,"column":1}},"line":5},"1":{"name":"verifySocketToken","decl":{"start":{"line":21,"column":9},"end":{"line":21,"column":26}},"loc":{"start":{"line":21,"column":34},"end":{"line":27,"column":1}},"line":21}},"branchMap":{"0":{"loc":{"start":{"line":3,"column":22},"end":{"line":3,"column":79}},"type":"binary-expr","locations":[{"start":{"line":3,"column":22},"end":{"line":3,"column":44}},{"start":{"line":3,"column":48},"end":{"line":3,"column":79}}],"line":3},"1":{"loc":{"start":{"line":7,"column":2},"end":{"line":9,"column":3}},"type":"if","locations":[{"start":{"line":7,"column":2},"end":{"line":9,"column":3}},{"start":{},"end":{}}],"line":7}},"s":{"0":2,"1":2,"2":11,"3":11,"4":1,"5":10,"6":10,"7":10,"8":10,"9":10,"10":0,"11":2,"12":2,"13":0,"14":2},"f":{"0":11,"1":2},"b":{"0":[2,0],"1":[1,10]},"_coverageSchema":"1a1c01bbd47fc00a2c39e90264f33305004495a9","hash":"66f429f4ed138e3ff0198a6c9ce1a5b200cdd715"}
,"C:\\Users\\analu\\Downloads\\chat-system-postgres\\chat-system\\message-service\\src\\models\\message.model.js": {"path":"C:\\Users\\analu\\Downloads\\chat-system-postgres\\chat-system\\message-service\\src\\models\\message.model.js","statementMap":{"0":{"start":{"line":1,"column":17},"end":{"line":1,"column":39}},"1":{"start":{"line":2,"column":23},"end":{"line":2,"column":38}},"2":{"start":{"line":6,"column":15},"end":{"line":6,"column":23}},"3":{"start":{"line":7,"column":4},"end":{"line":10,"column":6}},"4":{"start":{"line":11,"column":4},"end":{"line":16,"column":5}},"5":{"start":{"line":12,"column":6},"end":{"line":15,"column":8}},"6":{"start":{"line":17,"column":4},"end":{"line":17,"column":32}},"7":{"start":{"line":21,"column":21},"end":{"line":21,"column":80}},"8":{"start":{"line":22,"column":4},"end":{"line":22,"column":27}},"9":{"start":{"line":26,"column":21},"end":{"line":33,"column":26}},"10":{"start":{"line":34,"column":4},"end":{"line":34,"column":27}},"11":{"start":{"line":38,"column":21},"end":{"line":47,"column":16}},"12":{"start":{"line":48,"column":4},"end":{"line":48,"column":16}},"13":{"start":{"line":52,"column":21},"end":{"line":55,"column":5}},"14":{"start":{"line":56,"column":4},"end":{"line":56,"column":16}},"15":{"start":{"line":60,"column":21},"end":{"line":63,"column":5}},"16":{"start":{"line":64,"column":4},"end":{"line":64,"column":27}},"17":{"start":{"line":68,"column":15},"end":{"line":68,"column":23}},"18":{"start":{"line":69,"column":4},"end":{"line":73,"column":6}},"19":{"start":{"line":74,"column":4},"end":{"line":74,"column":35}},"20":{"start":{"line":78,"column":21},"end":{"line":78,"column":83}},"21":{"start":{"line":79,"column":4},"end":{"line":79,"column":27}},"22":{"start":{"line":83,"column":4},"end":{"line":92,"column":5}},"23":{"start":{"line":84,"column":23},"end":{"line":90,"column":7}},"24":{"start":{"line":91,"column":6},"end":{"line":91,"column":18}},"25":{"start":{"line":93,"column":21},"end":{"line":99,"column":5}},"26":{"start":{"line":100,"column":4},"end":{"line":100,"column":16}},"27":{"start":{"line":104,"column":0},"end":{"line":104,"column":36}}},"fnMap":{"0":{"name":"(anonymous_0)","decl":{"start":{"line":5,"column":2},"end":{"line":5,"column":3}},"loc":{"start":{"line":5,"column":57},"end":{"line":18,"column":3}},"line":5},"1":{"name":"(anonymous_1)","decl":{"start":{"line":20,"column":2},"end":{"line":20,"column":3}},"loc":{"start":{"line":20,"column":24},"end":{"line":23,"column":3}},"line":20},"2":{"name":"(anonymous_2)","decl":{"start":{"line":25,"column":2},"end":{"line":25,"column":3}},"loc":{"start":{"line":25,"column":41},"end":{"line":35,"column":3}},"line":25},"3":{"name":"(anonymous_3)","decl":{"start":{"line":37,"column":2},"end":{"line":37,"column":3}},"loc":{"start":{"line":37,"column":29},"end":{"line":49,"column":3}},"line":37},"4":{"name":"(anonymous_4)","decl":{"start":{"line":51,"column":2},"end":{"line":51,"column":3}},"loc":{"start":{"line":51,"column":31},"end":{"line":57,"column":3}},"line":51},"5":{"name":"(anonymous_5)","decl":{"start":{"line":59,"column":2},"end":{"line":59,"column":3}},"loc":{"start":{"line":59,"column":37},"end":{"line":65,"column":3}},"line":59},"6":{"name":"(anonymous_6)","decl":{"start":{"line":67,"column":2},"end":{"line":67,"column":3}},"loc":{"start":{"line":67,"column":84},"end":{"line":75,"column":3}},"line":67},"7":{"name":"(anonymous_7)","decl":{"start":{"line":77,"column":2},"end":{"line":77,"column":3}},"loc":{"start":{"line":77,"column":27},"end":{"line":80,"column":3}},"line":77},"8":{"name":"(anonymous_8)","decl":{"start":{"line":82,"column":2},"end":{"line":82,"column":3}},"loc":{"start":{"line":82,"column":59},"end":{"line":101,"column":3}},"line":82}},"branchMap":{"0":{"loc":{"start":{"line":9,"column":11},"end":{"line":9,"column":23}},"type":"binary-expr","locations":[{"start":{"line":9,"column":11},"end":{"line":9,"column":15}},{"start":{"line":9,"column":19},"end":{"line":9,"column":23}}],"line":9},"1":{"loc":{"start":{"line":22,"column":11},"end":{"line":22,"column":26}},"type":"binary-expr","locations":[{"start":{"line":22,"column":11},"end":{"line":22,"column":18}},{"start":{"line":22,"column":22},"end":{"line":22,"column":26}}],"line":22},"2":{"loc":{"start":{"line":34,"column":11},"end":{"line":34,"column":26}},"type":"binary-expr","locations":[{"start":{"line":34,"column":11},"end":{"line":34,"column":18}},{"start":{"line":34,"column":22},"end":{"line":34,"column":26}}],"line":34},"3":{"loc":{"start":{"line":67,"column":67},"end":{"line":67,"column":80}},"type":"default-arg","locations":[{"start":{"line":67,"column":74},"end":{"line":67,"column":80}}],"line":67},"4":{"loc":{"start":{"line":79,"column":11},"end":{"line":79,"column":26}},"type":"binary-expr","locations":[{"start":{"line":79,"column":11},"end":{"line":79,"column":18}},{"start":{"line":79,"column":22},"end":{"line":79,"column":26}}],"line":79},"5":{"loc":{"start":{"line":82,"column":32},"end":{"line":82,"column":42}},"type":"default-arg","locations":[{"start":{"line":82,"column":40},"end":{"line":82,"column":42}}],"line":82},"6":{"loc":{"start":{"line":82,"column":44},"end":{"line":82,"column":57}},"type":"default-arg","locations":[{"start":{"line":82,"column":53},"end":{"line":82,"column":57}}],"line":82},"7":{"loc":{"start":{"line":83,"column":4},"end":{"line":92,"column":5}},"type":"if","locations":[{"start":{"line":83,"column":4},"end":{"line":92,"column":5}},{"start":{},"end":{}}],"line":83}},"s":{"0":2,"1":2,"2":3,"3":3,"4":3,"5":6,"6":3,"7":3,"8":3,"9":2,"10":2,"11":3,"12":3,"13":3,"14":3,"15":5,"16":5,"17":4,"18":4,"19":4,"20":4,"21":4,"22":1,"23":0,"24":0,"25":1,"26":1,"27":2},"f":{"0":3,"1":3,"2":2,"3":3,"4":3,"5":5,"6":4,"7":4,"8":1},"b":{"0":[3,1],"1":[3,0],"2":[2,1],"3":[2],"4":[4,0],"5":[0],"6":[1],"7":[0,1]},"_coverageSchema":"1a1c01bbd47fc00a2c39e90264f33305004495a9","hash":"f6e525a9a1fdc87f02f7100e20fe2679ea2cc771"}
,"C:\\Users\\analu\\Downloads\\chat-system-postgres\\chat-system\\message-service\\src\\routes\\message.routes.js": {"path":"C:\\Users\\analu\\Downloads\\chat-system-postgres\\chat-system\\message-service\\src\\routes\\message.routes.js","statementMap":{"0":{"start":{"line":1,"column":16},"end":{"line":1,"column":34}},"1":{"start":{"line":2,"column":27},"end":{"line":2,"column":67}},"2":{"start":{"line":3,"column":21},"end":{"line":3,"column":55}},"3":{"start":{"line":5,"column":15},"end":{"line":5,"column":31}},"4":{"start":{"line":6,"column":0},"end":{"line":6,"column":27}},"5":{"start":{"line":8,"column":0},"end":{"line":16,"column":3}},"6":{"start":{"line":9,"column":2},"end":{"line":15,"column":3}},"7":{"start":{"line":10,"column":18},"end":{"line":10,"column":66}},"8":{"start":{"line":11,"column":4},"end":{"line":11,"column":24}},"9":{"start":{"line":13,"column":4},"end":{"line":13,"column":23}},"10":{"start":{"line":14,"column":4},"end":{"line":14,"column":61}},"11":{"start":{"line":18,"column":0},"end":{"line":47,"column":3}},"12":{"start":{"line":19,"column":43},"end":{"line":19,"column":51}},"13":{"start":{"line":20,"column":2},"end":{"line":20,"column":85}},"14":{"start":{"line":20,"column":21},"end":{"line":20,"column":85}},"15":{"start":{"line":22,"column":2},"end":{"line":46,"column":3}},"16":{"start":{"line":23,"column":15},"end":{"line":23,"column":79}},"17":{"start":{"line":25,"column":4},"end":{"line":39,"column":5}},"18":{"start":{"line":26,"column":6},"end":{"line":30,"column":9}},"19":{"start":{"line":32,"column":6},"end":{"line":38,"column":9}},"20":{"start":{"line":41,"column":20},"end":{"line":41,"column":62}},"21":{"start":{"line":42,"column":4},"end":{"line":42,"column":32}},"22":{"start":{"line":44,"column":4},"end":{"line":44,"column":23}},"23":{"start":{"line":45,"column":4},"end":{"line":45,"column":72}},"24":{"start":{"line":49,"column":0},"end":{"line":78,"column":3}},"25":{"start":{"line":50,"column":30},"end":{"line":50,"column":38}},"26":{"start":{"line":51,"column":2},"end":{"line":53,"column":3}},"27":{"start":{"line":52,"column":4},"end":{"line":52,"column":74}},"28":{"start":{"line":55,"column":2},"end":{"line":77,"column":3}},"29":{"start":{"line":56,"column":23},"end":{"line":56,"column":68}},"30":{"start":{"line":57,"column":17},"end":{"line":62,"column":6}},"31":{"start":{"line":64,"column":4},"end":{"line":70,"column":7}},"32":{"start":{"line":72,"column":20},"end":{"line":72,"column":62}},"33":{"start":{"line":73,"column":4},"end":{"line":73,"column":44}},"34":{"start":{"line":75,"column":4},"end":{"line":75,"column":23}},"35":{"start":{"line":76,"column":4},"end":{"line":76,"column":62}},"36":{"start":{"line":80,"column":0},"end":{"line":94,"column":3}},"37":{"start":{"line":81,"column":21},"end":{"line":81,"column":31}},"38":{"start":{"line":82,"column":33},"end":{"line":82,"column":42}},"39":{"start":{"line":84,"column":2},"end":{"line":93,"column":3}},"40":{"start":{"line":85,"column":21},"end":{"line":85,"column":77}},"41":{"start":{"line":86,"column":4},"end":{"line":86,"column":87}},"42":{"start":{"line":86,"column":19},"end":{"line":86,"column":87}},"43":{"start":{"line":88,"column":21},"end":{"line":88,"column":88}},"44":{"start":{"line":89,"column":4},"end":{"line":89,"column":27}},"45":{"start":{"line":91,"column":4},"end":{"line":91,"column":23}},"46":{"start":{"line":92,"column":4},"end":{"line":92,"column":64}},"47":{"start":{"line":96,"column":0},"end":{"line":117,"column":3}},"48":{"start":{"line":97,"column":21},"end":{"line":97,"column":31}},"49":{"start":{"line":98,"column":22},"end":{"line":98,"column":30}},"50":{"start":{"line":100,"column":2},"end":{"line":100,"column":83}},"51":{"start":{"line":100,"column":24},"end":{"line":100,"column":83}},"52":{"start":{"line":102,"column":2},"end":{"line":116,"column":3}},"53":{"start":{"line":103,"column":21},"end":{"line":103,"column":77}},"54":{"start":{"line":104,"column":4},"end":{"line":104,"column":87}},"55":{"start":{"line":104,"column":19},"end":{"line":104,"column":87}},"56":{"start":{"line":106,"column":20},"end":{"line":111,"column":6}},"57":{"start":{"line":112,"column":4},"end":{"line":112,"column":38}},"58":{"start":{"line":114,"column":4},"end":{"line":114,"column":23}},"59":{"start":{"line":115,"column":4},"end":{"line":115,"column":62}},"60":{"start":{"line":119,"column":0},"end":{"line":119,"column":24}}},"fnMap":{"0":{"name":"(anonymous_0)","decl":{"start":{"line":8,"column":21},"end":{"line":8,"column":22}},"loc":{"start":{"line":8,"column":41},"end":{"line":16,"column":1}},"line":8},"1":{"name":"(anonymous_1)","decl":{"start":{"line":18,"column":29},"end":{"line":18,"column":30}},"loc":{"start":{"line":18,"column":49},"end":{"line":47,"column":1}},"line":18},"2":{"name":"(anonymous_2)","decl":{"start":{"line":49,"column":28},"end":{"line":49,"column":29}},"loc":{"start":{"line":49,"column":48},"end":{"line":78,"column":1}},"line":49},"3":{"name":"(anonymous_3)","decl":{"start":{"line":80,"column":38},"end":{"line":80,"column":39}},"loc":{"start":{"line":80,"column":58},"end":{"line":94,"column":1}},"line":80},"4":{"name":"(anonymous_4)","decl":{"start":{"line":96,"column":39},"end":{"line":96,"column":40}},"loc":{"start":{"line":96,"column":59},"end":{"line":117,"column":1}},"line":96}},"branchMap":{"0":{"loc":{"start":{"line":20,"column":2},"end":{"line":20,"column":85}},"type":"if","locations":[{"start":{"line":20,"column":2},"end":{"line":20,"column":85}},{"start":{},"end":{}}],"line":20},"1":{"loc":{"start":{"line":25,"column":4},"end":{"line":39,"column":5}},"type":"if","locations":[{"start":{"line":25,"column":4},"end":{"line":39,"column":5}},{"start":{},"end":{}}],"line":25},"2":{"loc":{"start":{"line":36,"column":67},"end":{"line":36,"column":97}},"type":"binary-expr","locations":[{"start":{"line":36,"column":67},"end":{"line":36,"column":81}},{"start":{"line":36,"column":85},"end":{"line":36,"column":97}}],"line":36},"3":{"loc":{"start":{"line":51,"column":2},"end":{"line":53,"column":3}},"type":"if","locations":[{"start":{"line":51,"column":2},"end":{"line":53,"column":3}},{"start":{},"end":{}}],"line":51},"4":{"loc":{"start":{"line":51,"column":6},"end":{"line":51,"column":33}},"type":"binary-expr","locations":[{"start":{"line":51,"column":6},"end":{"line":51,"column":11}},{"start":{"line":51,"column":15},"end":{"line":51,"column":33}}],"line":51},"5":{"loc":{"start":{"line":82,"column":10},"end":{"line":82,"column":20}},"type":"default-arg","locations":[{"start":{"line":82,"column":18},"end":{"line":82,"column":20}}],"line":82},"6":{"loc":{"start":{"line":86,"column":4},"end":{"line":86,"column":87}},"type":"if","locations":[{"start":{"line":86,"column":4},"end":{"line":86,"column":87}},{"start":{},"end":{}}],"line":86},"7":{"loc":{"start":{"line":100,"column":2},"end":{"line":100,"column":83}},"type":"if","locations":[{"start":{"line":100,"column":2},"end":{"line":100,"column":83}},{"start":{},"end":{}}],"line":100},"8":{"loc":{"start":{"line":104,"column":4},"end":{"line":104,"column":87}},"type":"if","locations":[{"start":{"line":104,"column":4},"end":{"line":104,"column":87}},{"start":{},"end":{}}],"line":104}},"s":{"0":1,"1":1,"2":1,"3":1,"4":1,"5":1,"6":1,"7":1,"8":1,"9":0,"10":0,"11":1,"12":2,"13":2,"14":0,"15":2,"16":2,"17":2,"18":1,"19":1,"20":2,"21":2,"22":0,"23":0,"24":1,"25":2,"26":2,"27":1,"28":1,"29":1,"30":1,"31":1,"32":1,"33":1,"34":0,"35":0,"36":1,"37":2,"38":2,"39":2,"40":2,"41":2,"42":1,"43":1,"44":1,"45":0,"46":0,"47":1,"48":3,"49":3,"50":3,"51":1,"52":2,"53":2,"54":2,"55":1,"56":1,"57":1,"58":0,"59":0,"60":1},"f":{"0":1,"1":2,"2":2,"3":2,"4":3},"b":{"0":[0,2],"1":[1,1],"2":[1,0],"3":[1,1],"4":[2,1],"5":[2],"6":[1,1],"7":[1,2],"8":[1,1]},"_coverageSchema":"1a1c01bbd47fc00a2c39e90264f33305004495a9","hash":"681524923901b3bbe6165b6c72dd590521bfdba0"}
,"C:\\Users\\analu\\Downloads\\chat-system-postgres\\chat-system\\message-service\\src\\socket\\chat.socket.js": {"path":"C:\\Users\\analu\\Downloads\\chat-system-postgres\\chat-system\\message-service\\src\\socket\\chat.socket.js","statementMap":{"0":{"start":{"line":1,"column":30},"end":{"line":1,"column":70}},"1":{"start":{"line":2,"column":21},"end":{"line":2,"column":55}},"2":{"start":{"line":3,"column":23},"end":{"line":3,"column":42}},"3":{"start":{"line":5,"column":25},"end":{"line":5,"column":44}},"4":{"start":{"line":6,"column":20},"end":{"line":6,"column":64}},"5":{"start":{"line":13,"column":2},"end":{"line":13,"column":27}},"6":{"start":{"line":17,"column":2},"end":{"line":17,"column":30}},"7":{"start":{"line":17,"column":23},"end":{"line":17,"column":30}},"8":{"start":{"line":18,"column":2},"end":{"line":20,"column":12}},"9":{"start":{"line":19,"column":4},"end":{"line":19,"column":107}},"10":{"start":{"line":24,"column":2},"end":{"line":24,"column":30}},"11":{"start":{"line":24,"column":23},"end":{"line":24,"column":30}},"12":{"start":{"line":25,"column":2},"end":{"line":27,"column":12}},"13":{"start":{"line":26,"column":4},"end":{"line":26,"column":52}},"14":{"start":{"line":31,"column":2},"end":{"line":31,"column":33}},"15":{"start":{"line":31,"column":23},"end":{"line":31,"column":33}},"16":{"start":{"line":32,"column":2},"end":{"line":40,"column":3}},"17":{"start":{"line":33,"column":16},"end":{"line":33,"column":58}},"18":{"start":{"line":34,"column":4},"end":{"line":37,"column":7}},"19":{"start":{"line":35,"column":21},"end":{"line":35,"column":38}},"20":{"start":{"line":36,"column":6},"end":{"line":36,"column":51}},"21":{"start":{"line":39,"column":4},"end":{"line":39,"column":14}},"22":{"start":{"line":44,"column":2},"end":{"line":44,"column":30}},"23":{"start":{"line":44,"column":23},"end":{"line":44,"column":30}},"24":{"start":{"line":45,"column":2},"end":{"line":48,"column":12}},"25":{"start":{"line":46,"column":18},"end":{"line":46,"column":44}},"26":{"start":{"line":47,"column":4},"end":{"line":47,"column":35}},"27":{"start":{"line":52,"column":2},"end":{"line":52,"column":32}},"28":{"start":{"line":52,"column":23},"end":{"line":52,"column":32}},"29":{"start":{"line":53,"column":2},"end":{"line":57,"column":3}},"30":{"start":{"line":54,"column":4},"end":{"line":54,"column":51}},"31":{"start":{"line":56,"column":4},"end":{"line":56,"column":13}},"32":{"start":{"line":61,"column":2},"end":{"line":68,"column":5}},"33":{"start":{"line":62,"column":18},"end":{"line":62,"column":79}},"34":{"start":{"line":63,"column":4},"end":{"line":63,"column":66}},"35":{"start":{"line":63,"column":16},"end":{"line":63,"column":66}},"36":{"start":{"line":64,"column":20},"end":{"line":64,"column":44}},"37":{"start":{"line":65,"column":4},"end":{"line":65,"column":58}},"38":{"start":{"line":65,"column":18},"end":{"line":65,"column":58}},"39":{"start":{"line":66,"column":4},"end":{"line":66,"column":26}},"40":{"start":{"line":67,"column":4},"end":{"line":67,"column":11}},"41":{"start":{"line":70,"column":2},"end":{"line":129,"column":5}},"42":{"start":{"line":71,"column":33},"end":{"line":71,"column":44}},"43":{"start":{"line":72,"column":4},"end":{"line":72,"column":93}},"44":{"start":{"line":74,"column":4},"end":{"line":74,"column":42}},"45":{"start":{"line":76,"column":4},"end":{"line":83,"column":5}},"46":{"start":{"line":77,"column":24},"end":{"line":77,"column":63}},"47":{"start":{"line":78,"column":6},"end":{"line":80,"column":7}},"48":{"start":{"line":79,"column":8},"end":{"line":79,"column":39}},"49":{"start":{"line":82,"column":6},"end":{"line":82,"column":70}},"50":{"start":{"line":85,"column":4},"end":{"line":85,"column":35}},"51":{"start":{"line":87,"column":4},"end":{"line":92,"column":7}},"52":{"start":{"line":88,"column":6},"end":{"line":91,"column":16}},"53":{"start":{"line":89,"column":25},"end":{"line":89,"column":72}},"54":{"start":{"line":90,"column":8},"end":{"line":90,"column":52}},"55":{"start":{"line":90,"column":22},"end":{"line":90,"column":52}},"56":{"start":{"line":94,"column":4},"end":{"line":114,"column":7}},"57":{"start":{"line":95,"column":6},"end":{"line":95,"column":35}},"58":{"start":{"line":95,"column":28},"end":{"line":95,"column":35}},"59":{"start":{"line":96,"column":6},"end":{"line":113,"column":7}},"60":{"start":{"line":97,"column":25},"end":{"line":97,"column":72}},"61":{"start":{"line":98,"column":8},"end":{"line":101,"column":9}},"62":{"start":{"line":99,"column":10},"end":{"line":99,"column":55}},"63":{"start":{"line":99,"column":19},"end":{"line":99,"column":55}},"64":{"start":{"line":100,"column":10},"end":{"line":100,"column":17}},"65":{"start":{"line":102,"column":24},"end":{"line":107,"column":10}},"66":{"start":{"line":108,"column":8},"end":{"line":108,"column":65}},"67":{"start":{"line":109,"column":8},"end":{"line":109,"column":49}},"68":{"start":{"line":109,"column":17},"end":{"line":109,"column":49}},"69":{"start":{"line":111,"column":8},"end":{"line":111,"column":59}},"70":{"start":{"line":112,"column":8},"end":{"line":112,"column":58}},"71":{"start":{"line":112,"column":17},"end":{"line":112,"column":58}},"72":{"start":{"line":116,"column":4},"end":{"line":118,"column":7}},"73":{"start":{"line":117,"column":6},"end":{"line":117,"column":102}},"74":{"start":{"line":120,"column":4},"end":{"line":122,"column":7}},"75":{"start":{"line":121,"column":6},"end":{"line":121,"column":103}},"76":{"start":{"line":124,"column":4},"end":{"line":128,"column":7}},"77":{"start":{"line":125,"column":6},"end":{"line":125,"column":71}},"78":{"start":{"line":126,"column":6},"end":{"line":126,"column":35}},"79":{"start":{"line":127,"column":6},"end":{"line":127,"column":37}},"80":{"start":{"line":132,"column":0},"end":{"line":132,"column":62}}},"fnMap":{"0":{"name":"isRedisReady","decl":{"start":{"line":12,"column":9},"end":{"line":12,"column":21}},"loc":{"start":{"line":12,"column":24},"end":{"line":14,"column":1}},"line":12},"1":{"name":"setUserOnline","decl":{"start":{"line":16,"column":15},"end":{"line":16,"column":28}},"loc":{"start":{"line":16,"column":47},"end":{"line":21,"column":1}},"line":16},"2":{"name":"setUserOffline","decl":{"start":{"line":23,"column":15},"end":{"line":23,"column":29}},"loc":{"start":{"line":23,"column":38},"end":{"line":28,"column":1}},"line":23},"3":{"name":"getOnlineUsersList","decl":{"start":{"line":30,"column":15},"end":{"line":30,"column":33}},"loc":{"start":{"line":30,"column":36},"end":{"line":41,"column":1}},"line":30},"4":{"name":"(anonymous_4)","decl":{"start":{"line":34,"column":35},"end":{"line":34,"column":36}},"loc":{"start":{"line":34,"column":56},"end":{"line":37,"column":5}},"line":34},"5":{"name":"broadcastOnlineUsers","decl":{"start":{"line":43,"column":15},"end":{"line":43,"column":35}},"loc":{"start":{"line":43,"column":40},"end":{"line":49,"column":1}},"line":43},"6":{"name":"getOnlineUsersCount","decl":{"start":{"line":51,"column":15},"end":{"line":51,"column":34}},"loc":{"start":{"line":51,"column":37},"end":{"line":58,"column":1}},"line":51},"7":{"name":"setupSocketHandlers","decl":{"start":{"line":60,"column":9},"end":{"line":60,"column":28}},"loc":{"start":{"line":60,"column":33},"end":{"line":130,"column":1}},"line":60},"8":{"name":"(anonymous_8)","decl":{"start":{"line":61,"column":9},"end":{"line":61,"column":10}},"loc":{"start":{"line":61,"column":27},"end":{"line":68,"column":3}},"line":61},"9":{"name":"(anonymous_9)","decl":{"start":{"line":70,"column":22},"end":{"line":70,"column":23}},"loc":{"start":{"line":70,"column":40},"end":{"line":129,"column":3}},"line":70},"10":{"name":"(anonymous_10)","decl":{"start":{"line":87,"column":27},"end":{"line":87,"column":28}},"loc":{"start":{"line":87,"column":49},"end":{"line":92,"column":5}},"line":87},"11":{"name":"(anonymous_11)","decl":{"start":{"line":94,"column":30},"end":{"line":94,"column":31}},"loc":{"start":{"line":94,"column":66},"end":{"line":114,"column":5}},"line":94},"12":{"name":"(anonymous_12)","decl":{"start":{"line":116,"column":30},"end":{"line":116,"column":31}},"loc":{"start":{"line":116,"column":46},"end":{"line":118,"column":5}},"line":116},"13":{"name":"(anonymous_13)","decl":{"start":{"line":120,"column":29},"end":{"line":120,"column":30}},"loc":{"start":{"line":120,"column":45},"end":{"line":122,"column":5}},"line":120},"14":{"name":"(anonymous_14)","decl":{"start":{"line":124,"column":28},"end":{"line":124,"column":29}},"loc":{"start":{"line":124,"column":40},"end":{"line":128,"column":5}},"line":124}},"branchMap":{"0":{"loc":{"start":{"line":6,"column":20},"end":{"line":6,"column":64}},"type":"binary-expr","locations":[{"start":{"line":6,"column":20},"end":{"line":6,"column":40}},{"start":{"line":6,"column":44},"end":{"line":6,"column":64}}],"line":6},"1":{"loc":{"start":{"line":17,"column":2},"end":{"line":17,"column":30}},"type":"if","locations":[{"start":{"line":17,"column":2},"end":{"line":17,"column":30}},{"start":{},"end":{}}],"line":17},"2":{"loc":{"start":{"line":24,"column":2},"end":{"line":24,"column":30}},"type":"if","locations":[{"start":{"line":24,"column":2},"end":{"line":24,"column":30}},{"start":{},"end":{}}],"line":24},"3":{"loc":{"start":{"line":31,"column":2},"end":{"line":31,"column":33}},"type":"if","locations":[{"start":{"line":31,"column":2},"end":{"line":31,"column":33}},{"start":{},"end":{}}],"line":31},"4":{"loc":{"start":{"line":44,"column":2},"end":{"line":44,"column":30}},"type":"if","locations":[{"start":{"line":44,"column":2},"end":{"line":44,"column":30}},{"start":{},"end":{}}],"line":44},"5":{"loc":{"start":{"line":52,"column":2},"end":{"line":52,"column":32}},"type":"if","locations":[{"start":{"line":52,"column":2},"end":{"line":52,"column":32}},{"start":{},"end":{}}],"line":52},"6":{"loc":{"start":{"line":62,"column":18},"end":{"line":62,"column":79}},"type":"binary-expr","locations":[{"start":{"line":62,"column":18},"end":{"line":62,"column":46}},{"start":{"line":62,"column":50},"end":{"line":62,"column":79}}],"line":62},"7":{"loc":{"start":{"line":63,"column":4},"end":{"line":63,"column":66}},"type":"if","locations":[{"start":{"line":63,"column":4},"end":{"line":63,"column":66}},{"start":{},"end":{}}],"line":63},"8":{"loc":{"start":{"line":65,"column":4},"end":{"line":65,"column":58}},"type":"if","locations":[{"start":{"line":65,"column":4},"end":{"line":65,"column":58}},{"start":{},"end":{}}],"line":65},"9":{"loc":{"start":{"line":90,"column":8},"end":{"line":90,"column":52}},"type":"if","locations":[{"start":{"line":90,"column":8},"end":{"line":90,"column":52}},{"start":{},"end":{}}],"line":90},"10":{"loc":{"start":{"line":95,"column":6},"end":{"line":95,"column":35}},"type":"if","locations":[{"start":{"line":95,"column":6},"end":{"line":95,"column":35}},{"start":{},"end":{}}],"line":95},"11":{"loc":{"start":{"line":98,"column":8},"end":{"line":101,"column":9}},"type":"if","locations":[{"start":{"line":98,"column":8},"end":{"line":101,"column":9}},{"start":{},"end":{}}],"line":98},"12":{"loc":{"start":{"line":99,"column":10},"end":{"line":99,"column":55}},"type":"if","locations":[{"start":{"line":99,"column":10},"end":{"line":99,"column":55}},{"start":{},"end":{}}],"line":99},"13":{"loc":{"start":{"line":109,"column":8},"end":{"line":109,"column":49}},"type":"if","locations":[{"start":{"line":109,"column":8},"end":{"line":109,"column":49}},{"start":{},"end":{}}],"line":109},"14":{"loc":{"start":{"line":112,"column":8},"end":{"line":112,"column":58}},"type":"if","locations":[{"start":{"line":112,"column":8},"end":{"line":112,"column":58}},{"start":{},"end":{}}],"line":112}},"s":{"0":2,"1":2,"2":2,"3":2,"4":2,"5":13,"6":2,"7":0,"8":2,"9":2,"10":2,"11":0,"12":2,"13":2,"14":4,"15":0,"16":4,"17":4,"18":4,"19":4,"20":4,"21":0,"22":4,"23":0,"24":4,"25":4,"26":4,"27":1,"28":0,"29":1,"30":1,"31":0,"32":3,"33":2,"34":2,"35":0,"36":2,"37":2,"38":0,"39":2,"40":2,"41":3,"42":2,"43":2,"44":2,"45":2,"46":2,"47":2,"48":2,"49":0,"50":2,"51":2,"52":0,"53":0,"54":0,"55":0,"56":2,"57":1,"58":0,"59":1,"60":1,"61":1,"62":0,"63":0,"64":0,"65":1,"66":1,"67":1,"68":0,"69":0,"70":0,"71":0,"72":2,"73":0,"74":2,"75":0,"76":2,"77":2,"78":2,"79":2,"80":2},"f":{"0":13,"1":2,"2":2,"3":4,"4":4,"5":4,"6":1,"7":3,"8":2,"9":2,"10":0,"11":1,"12":0,"13":0,"14":2},"b":{"0":[2,2],"1":[0,2],"2":[0,2],"3":[0,4],"4":[0,4],"5":[0,1],"6":[2,0],"7":[0,2],"8":[0,2],"9":[0,0],"10":[0,1],"11":[0,1],"12":[0,0],"13":[0,1],"14":[0,0]},"_coverageSchema":"1a1c01bbd47fc00a2c39e90264f33305004495a9","hash":"66f752196b40d98cc01c10a95c4a145dd163bbb8"}
}
