TN:
SF:src\database.js
FN:10,(anonymous_0)
FN:14,initDatabase
FNF:2
FNH:1
FNDA:0,(anonymous_0)
FNDA:2,initDatabase
DA:1,2
DA:3,2
DA:10,2
DA:11,0
DA:15,2
DA:45,2
DA:48,2
LF:7
LH:6
BRDA:4,0,0,2
BRDA:4,0,1,0
BRF:2
BRH:1
end_of_record
TN:
SF:src\index.js
FN:29,(anonymous_0)
FN:42,start
FN:53,(anonymous_2)
FN:60,(anonymous_3)
FNF:4
FNH:1
FNDA:1,(anonymous_0)
FNDA:0,start
FNDA:0,(anonymous_2)
FNDA:0,(anonymous_3)
DA:1,1
DA:2,1
DA:3,1
DA:4,1
DA:5,1
DA:6,1
DA:7,1
DA:8,1
DA:9,1
DA:10,1
DA:11,1
DA:13,1
DA:14,1
DA:15,1
DA:16,1
DA:17,1
DA:19,1
DA:24,1
DA:25,1
DA:26,1
DA:27,1
DA:29,1
DA:30,1
DA:39,1
DA:40,1
DA:43,0
DA:44,0
DA:51,0
DA:53,0
DA:54,0
DA:55,0
DA:59,1
DA:60,0
DA:61,0
DA:62,0
DA:66,1
LF:36
LH:27
BRDA:15,0,0,1
BRDA:15,0,1,1
BRDA:16,1,0,1
BRDA:16,1,1,1
BRDA:17,2,0,1
BRDA:17,2,1,1
BRDA:59,3,0,0
BRDA:59,3,1,1
BRF:8
BRH:7
end_of_record
TN:
SF:src\redis.js
FN:11,(anonymous_0)
FN:12,(anonymous_1)
FN:13,(anonymous_2)
FN:17,connectRedis
FN:26,disconnectRedis
FN:29,(anonymous_5)
FN:30,(anonymous_6)
FN:31,(anonymous_7)
FNF:8
FNH:2
FNDA:0,(anonymous_0)
FNDA:0,(anonymous_1)
FNDA:0,(anonymous_2)
FNDA:2,connectRedis
FNDA:1,disconnectRedis
FNDA:0,(anonymous_5)
FNDA:0,(anonymous_6)
FNDA:0,(anonymous_7)
DA:1,2
DA:3,2
DA:7,2
DA:8,2
DA:9,2
DA:11,2
DA:12,2
DA:13,2
DA:15,2
DA:18,2
DA:19,2
DA:20,2
DA:21,2
DA:27,1
DA:28,1
DA:33,1
DA:36,2
LF:17
LH:17
BRDA:3,0,0,2
BRDA:3,0,1,0
BRDA:18,1,0,0
BRDA:18,1,1,2
BRDA:27,2,0,0
BRDA:27,2,1,1
BRF:6
BRH:3
end_of_record
TN:
SF:src\middleware\auth.middleware.js
FN:5,authMiddleware
FN:21,verifySocketToken
FNF:2
FNH:2
FNDA:11,authMiddleware
FNDA:2,verifySocketToken
DA:1,2
DA:3,2
DA:6,11
DA:7,11
DA:8,1
DA:11,10
DA:12,10
DA:13,10
DA:14,10
DA:15,10
DA:17,0
DA:22,2
DA:23,2
DA:25,0
DA:29,2
LF:15
LH:13
BRDA:3,0,0,2
BRDA:3,0,1,0
BRDA:7,1,0,1
BRDA:7,1,1,10
BRF:4
BRH:3
end_of_record
TN:
SF:src\models\message.model.js
FN:5,(anonymous_0)
FN:20,(anonymous_1)
FN:25,(anonymous_2)
FN:37,(anonymous_3)
FN:51,(anonymous_4)
FN:59,(anonymous_5)
FN:67,(anonymous_6)
FN:77,(anonymous_7)
FN:82,(anonymous_8)
FNF:9
FNH:9
FNDA:3,(anonymous_0)
FNDA:3,(anonymous_1)
FNDA:2,(anonymous_2)
FNDA:3,(anonymous_3)
FNDA:3,(anonymous_4)
FNDA:5,(anonymous_5)
FNDA:4,(anonymous_6)
FNDA:4,(anonymous_7)
FNDA:1,(anonymous_8)
DA:1,2
DA:2,2
DA:6,3
DA:7,3
DA:11,3
DA:12,6
DA:17,3
DA:21,3
DA:22,3
DA:26,2
DA:34,2
DA:38,3
DA:48,3
DA:52,3
DA:56,3
DA:60,5
DA:64,5
DA:68,4
DA:69,4
DA:74,4
DA:78,4
DA:79,4
DA:83,1
DA:84,0
DA:91,0
DA:93,1
DA:100,1
DA:104,2
LF:28
LH:26
BRDA:9,0,0,3
BRDA:9,0,1,1
BRDA:22,1,0,3
BRDA:22,1,1,0
BRDA:34,2,0,2
BRDA:34,2,1,1
BRDA:67,3,0,2
BRDA:79,4,0,4
BRDA:79,4,1,0
BRDA:82,5,0,0
BRDA:82,6,0,1
BRDA:83,7,0,0
BRDA:83,7,1,1
BRF:13
BRH:9
end_of_record
TN:
SF:src\routes\message.routes.js
FN:8,(anonymous_0)
FN:18,(anonymous_1)
FN:49,(anonymous_2)
FN:80,(anonymous_3)
FN:96,(anonymous_4)
FNF:5
FNH:5
FNDA:1,(anonymous_0)
FNDA:2,(anonymous_1)
FNDA:2,(anonymous_2)
FNDA:2,(anonymous_3)
FNDA:3,(anonymous_4)
DA:1,1
DA:2,1
DA:3,1
DA:5,1
DA:6,1
DA:8,1
DA:9,1
DA:10,1
DA:11,1
DA:13,0
DA:14,0
DA:18,1
DA:19,2
DA:20,2
DA:22,2
DA:23,2
DA:25,2
DA:26,1
DA:32,1
DA:41,2
DA:42,2
DA:44,0
DA:45,0
DA:49,1
DA:50,2
DA:51,2
DA:52,1
DA:55,1
DA:56,1
DA:57,1
DA:64,1
DA:72,1
DA:73,1
DA:75,0
DA:76,0
DA:80,1
DA:81,2
DA:82,2
DA:84,2
DA:85,2
DA:86,2
DA:88,1
DA:89,1
DA:91,0
DA:92,0
DA:96,1
DA:97,3
DA:98,3
DA:100,3
DA:102,2
DA:103,2
DA:104,2
DA:106,1
DA:112,1
DA:114,0
DA:115,0
DA:119,1
LF:57
LH:47
BRDA:20,0,0,0
BRDA:20,0,1,2
BRDA:25,1,0,1
BRDA:25,1,1,1
BRDA:36,2,0,1
BRDA:36,2,1,0
BRDA:51,3,0,1
BRDA:51,3,1,1
BRDA:51,4,0,2
BRDA:51,4,1,1
BRDA:82,5,0,2
BRDA:86,6,0,1
BRDA:86,6,1,1
BRDA:100,7,0,1
BRDA:100,7,1,2
BRDA:104,8,0,1
BRDA:104,8,1,1
BRF:17
BRH:15
end_of_record
TN:
SF:src\socket\chat.socket.js
FN:12,isRedisReady
FN:16,setUserOnline
FN:23,setUserOffline
FN:30,getOnlineUsersList
FN:34,(anonymous_4)
FN:43,broadcastOnlineUsers
FN:51,getOnlineUsersCount
FN:60,setupSocketHandlers
FN:61,(anonymous_8)
FN:70,(anonymous_9)
FN:87,(anonymous_10)
FN:94,(anonymous_11)
FN:116,(anonymous_12)
FN:120,(anonymous_13)
FN:124,(anonymous_14)
FNF:15
FNH:12
FNDA:13,isRedisReady
FNDA:2,setUserOnline
FNDA:2,setUserOffline
FNDA:4,getOnlineUsersList
FNDA:4,(anonymous_4)
FNDA:4,broadcastOnlineUsers
FNDA:1,getOnlineUsersCount
FNDA:3,setupSocketHandlers
FNDA:2,(anonymous_8)
FNDA:2,(anonymous_9)
FNDA:0,(anonymous_10)
FNDA:1,(anonymous_11)
FNDA:0,(anonymous_12)
FNDA:0,(anonymous_13)
FNDA:2,(anonymous_14)
DA:1,2
DA:2,2
DA:3,2
DA:5,2
DA:6,2
DA:13,13
DA:17,2
DA:18,2
DA:19,2
DA:24,2
DA:25,2
DA:26,2
DA:31,4
DA:32,4
DA:33,4
DA:34,4
DA:35,4
DA:36,4
DA:39,0
DA:44,4
DA:45,4
DA:46,4
DA:47,4
DA:52,1
DA:53,1
DA:54,1
DA:56,0
DA:61,3
DA:62,2
DA:63,2
DA:64,2
DA:65,2
DA:66,2
DA:67,2
DA:70,3
DA:71,2
DA:72,2
DA:74,2
DA:76,2
DA:77,2
DA:78,2
DA:79,2
DA:82,0
DA:85,2
DA:87,2
DA:88,0
DA:89,0
DA:90,0
DA:94,2
DA:95,1
DA:96,1
DA:97,1
DA:98,1
DA:99,0
DA:100,0
DA:102,1
DA:108,1
DA:109,1
DA:111,0
DA:112,0
DA:116,2
DA:117,0
DA:120,2
DA:121,0
DA:124,2
DA:125,2
DA:126,2
DA:127,2
DA:132,2
LF:69
LH:57
BRDA:6,0,0,2
BRDA:6,0,1,2
BRDA:17,1,0,0
BRDA:17,1,1,2
BRDA:24,2,0,0
BRDA:24,2,1,2
BRDA:31,3,0,0
BRDA:31,3,1,4
BRDA:44,4,0,0
BRDA:44,4,1,4
BRDA:52,5,0,0
BRDA:52,5,1,1
BRDA:62,6,0,2
BRDA:62,6,1,0
BRDA:63,7,0,0
BRDA:63,7,1,2
BRDA:65,8,0,0
BRDA:65,8,1,2
BRDA:90,9,0,0
BRDA:90,9,1,0
BRDA:95,10,0,0
BRDA:95,10,1,1
BRDA:98,11,0,0
BRDA:98,11,1,1
BRDA:99,12,0,0
BRDA:99,12,1,0
BRDA:109,13,0,0
BRDA:109,13,1,1
BRDA:112,14,0,0
BRDA:112,14,1,0
BRF:30
BRH:13
end_of_record
